<?xml version="1.0" encoding="UTF-8"?>
<!-- Generated by org.testng.reporters.JUnitXMLReporter -->
<testsuite ignored="0" hostname="DESKTOP-M395F3J" failures="0" tests="5" name="testing1" time="0.106" errors="0" timestamp="2022-08-03T15:11:33 IST">
  <testcase classname="testNG.Failed_xml_program1" name="test1" time="0.012"/>
  <testcase classname="testNG.Failed_xml_program1" name="test2" time="0.003"/>
  <testcase classname="testNG.Failed_xml_program1" name="test3" time="0.002"/>
  <testcase classname="testNG.Failed_xml_program1" name="test4" time="0.001"/>
  <testcase classname="testNG.Failed_xml_program1" name="test5" time="0.002"/>
</testsuite> <!-- testing1 -->
