<?xml version="1.0" encoding="UTF-8"?>
<!-- Generated by org.testng.reporters.JUnitXMLReporter -->
<testsuite ignored="4" hostname="DESKTOP-M395F3J" failures="0" tests="3" name="instagram_test" time="0.097" errors="0" timestamp="2022-08-04T20:39:46 IST">
  <testcase classname="testNG.Sample_class2" name="testA" time="0.02"/>
  <testcase classname="testNG.Sample_class2" name="testA" time="0.002"/>
  <testcase classname="testNG.Sample_class2" name="testA" time="0.002"/>
  <testcase classname="testNG.Sample_class2" name="testC" time="0.0">
    <ignored/>
  </testcase> <!-- testC -->
  <testcase classname="testNG.Sample_class2" name="testD" time="0.0">
    <ignored/>
  </testcase> <!-- testD -->
  <testcase classname="testNG.Sample_class2" name="testE" time="0.0">
    <ignored/>
  </testcase> <!-- testE -->
  <testcase classname="testNG.Sample_class2" name="testB" time="0.0">
    <ignored/>
  </testcase> <!-- testB -->
</testsuite> <!-- instagram_test -->
