<?xml version="1.0" encoding="UTF-8"?>
<!-- Generated by org.testng.reporters.JUnitXMLReporter -->
<testsuite ignored="4" hostname="DESKTOP-M395F3J" failures="0" tests="1" name="test3" time="0.089" errors="0" timestamp="2022-08-03T15:05:20 IST">
  <testcase classname="testNG.TestNG_keywords" name="method2" time="0.013"/>
  <testcase classname="testNG.TestNG_keywords" name="method5" time="0.0">
    <ignored/>
  </testcase> <!-- method5 -->
  <testcase classname="testNG.TestNG_keywords" name="method3" time="0.0">
    <ignored/>
  </testcase> <!-- method3 -->
  <testcase classname="testNG.TestNG_keywords" name="method1" time="0.0">
    <ignored/>
  </testcase> <!-- method1 -->
  <testcase classname="testNG.TestNG_keywords" name="method4" time="0.0">
    <ignored/>
  </testcase> <!-- method4 -->
</testsuite> <!-- test3 -->
