<?xml version="1.0" encoding="UTF-8"?>
<!-- Generated by org.testng.reporters.JUnitXMLReporter -->
<testsuite ignored="1" hostname="DESKTOP-M395F3J" failures="0" tests="4" name="test2" time="0.131" errors="0" timestamp="2022-08-03T14:02:19 IST">
  <testcase classname="testNG.Failed_xml_program1" name="test1" time="0.018"/>
  <testcase classname="testNG.Failed_xml_program1" name="test2" time="0.003"/>
  <testcase classname="testNG.Failed_xml_program1" name="test4" time="0.004"/>
  <testcase classname="testNG.Failed_xml_program1" name="test5" time="0.004"/>
  <testcase classname="testNG.Failed_xml_program1" name="test3" time="0.0">
    <ignored/>
  </testcase> <!-- test3 -->
</testsuite> <!-- test2 -->
