<?xml version="1.0" encoding="UTF-8"?>
<!-- Generated by org.testng.reporters.JUnitXMLReporter -->
<testsuite ignored="4" hostname="DESKTOP-M395F3J" failures="0" tests="1" name="Default test(failed)(failed)" time="0.096" errors="0" timestamp="2022-07-30T17:30:03 IST">
  <testcase classname="testNG.Failed_xml_program1" name="test3" time="0.017"/>
  <testcase classname="testNG.Failed_xml_program1" name="test5" time="0.0">
    <ignored/>
  </testcase> <!-- test5 -->
  <testcase classname="testNG.Failed_xml_program1" name="test4" time="0.0">
    <ignored/>
  </testcase> <!-- test4 -->
  <testcase classname="testNG.Failed_xml_program1" name="test2" time="0.0">
    <ignored/>
  </testcase> <!-- test2 -->
  <testcase classname="testNG.Failed_xml_program1" name="test1" time="0.0">
    <ignored/>
  </testcase> <!-- test1 -->
</testsuite> <!-- Default test(failed)(failed) -->
