<?xml version="1.0" encoding="UTF-8"?>
<testng-results ignored="0" total="1" passed="1" failed="0" skipped="0">
  <reporter-output>
  </reporter-output>
  <suite started-at="2022-08-19T01:30:42 IST" name="listener_suite" finished-at="2022-08-19T01:30:42 IST" duration-ms="70">
    <groups>
    </groups>
    <test started-at="2022-08-19T01:30:42 IST" name="demo_test" finished-at="2022-08-19T01:30:42 IST" duration-ms="70">
      <class name="listeners_demo.Listener_use_class">
        <test-method signature="test11()[pri:0, instance:listeners_demo.Listener_use_class@65466a6a]" started-at="2022-08-19T01:30:42 IST" name="test11" finished-at="2022-08-19T01:30:42 IST" duration-ms="15" status="PASS">
          <reporter-output>
          </reporter-output>
        </test-method> <!-- test11 -->
      </class> <!-- listeners_demo.Listener_use_class -->
    </test> <!-- demo_test -->
  </suite> <!-- listener_suite -->
</testng-results>
