<?xml version="1.0" encoding="UTF-8"?>
<!-- Generated by org.testng.reporters.JUnitXMLReporter -->
<testsuite ignored="8" hostname="DESKTOP-M395F3J" failures="0" tests="2" name="test1" time="0.086" errors="0" timestamp="2022-08-03T13:32:09 IST">
  <testcase classname="testNG.Failed_xml_program1" name="test3" time="0.017"/>
  <testcase classname="testNG.TestNG_keywords" name="method2" time="0.003"/>
  <testcase classname="testNG.Failed_xml_program1" name="test5" time="0.0">
    <ignored/>
  </testcase> <!-- test5 -->
  <testcase classname="testNG.Failed_xml_program1" name="test4" time="0.0">
    <ignored/>
  </testcase> <!-- test4 -->
  <testcase classname="testNG.TestNG_keywords" name="method5" time="0.0">
    <ignored/>
  </testcase> <!-- method5 -->
  <testcase classname="testNG.Failed_xml_program1" name="test2" time="0.0">
    <ignored/>
  </testcase> <!-- test2 -->
  <testcase classname="testNG.TestNG_keywords" name="method3" time="0.0">
    <ignored/>
  </testcase> <!-- method3 -->
  <testcase classname="testNG.TestNG_keywords" name="method1" time="0.0">
    <ignored/>
  </testcase> <!-- method1 -->
  <testcase classname="testNG.TestNG_keywords" name="method4" time="0.0">
    <ignored/>
  </testcase> <!-- method4 -->
  <testcase classname="testNG.Failed_xml_program1" name="test1" time="0.0">
    <ignored/>
  </testcase> <!-- test1 -->
</testsuite> <!-- test1 -->
