<?xml version="1.0" encoding="UTF-8"?>
<!-- Generated by org.testng.reporters.JUnitXMLReporter -->
<testsuite ignored="6" hostname="DESKTOP-M395F3J" failures="1" tests="6" name="grouping_test" time="0.139" errors="0" timestamp="2022-08-04T20:33:06 IST">
  <testcase classname="testNG.Sample_class1" name="test1" time="0.017"/>
  <testcase classname="testNG.Sample_class1" name="test2" time="0.002"/>
  <testcase classname="testNG.Sample_class2" name="testA" time="0.001"/>
  <testcase classname="testNG.Sample_class2" name="testA" time="0.002"/>
  <testcase classname="testNG.Sample_class2" name="testA" time="0.002"/>
  <testcase classname="testNG.Sample_class2" name="testB" time="0.007">
    <failure type="java.lang.AssertionError" message="null">
      <![CDATA[java.lang.AssertionError: null
at testNG.Sample_class2.testB(Sample_class2.java:17)
at java.base/java.util.ArrayList.forEach(ArrayList.java:1511)
... Removed 29 stack frames]]>
    </failure>
  </testcase> <!-- testB -->
  <testcase classname="testNG.Sample_class1" name="test5" time="0.0">
    <ignored/>
  </testcase> <!-- test5 -->
  <testcase classname="testNG.Sample_class2" name="testC" time="0.0">
    <ignored/>
  </testcase> <!-- testC -->
  <testcase classname="testNG.Sample_class2" name="testD" time="0.0">
    <ignored/>
  </testcase> <!-- testD -->
  <testcase classname="testNG.Sample_class2" name="testE" time="0.0">
    <ignored/>
  </testcase> <!-- testE -->
  <testcase classname="testNG.Sample_class1" name="test4" time="0.0">
    <ignored/>
  </testcase> <!-- test4 -->
  <testcase classname="testNG.Sample_class1" name="test3" time="0.0">
    <ignored/>
  </testcase> <!-- test3 -->
</testsuite> <!-- grouping_test -->
